<?xml version="1.0" encoding="UTF-8"?>
<!-- Generated by org.testng.reporters.JUnitXMLReporter -->
<testsuite hostname="HP01" ignored="0" name="Default test" tests="4" failures="0" timestamp="2024-03-28T15:29:06 IST" time="42.532" errors="0">
  <testcase name="initialization" time="6.125" classname="com.parabank.qa.base.TestBase"/>
  <testcase name="loginPageTitleTest" time="0.018" classname="com.parabank.qa.testcases.LoginPageTest"/>
  <testcase name="bankNameTest" time="0.093" classname="com.parabank.qa.testcases.LoginPageTest"/>
  <testcase name="loginTest" time="3.384" classname="com.parabank.qa.testcases.LoginPageTest"/>
</testsuite> <!-- Default test -->
