<?xml version="1.0" encoding="UTF-8"?>
<testng-results skipped="0" failed="0" ignored="0" total="4" passed="4">
  <reporter-output>
  </reporter-output>
  <suite name="Default suite" duration-ms="42532" started-at="2024-03-28T15:28:24 IST" finished-at="2024-03-28T15:29:06 IST">
    <groups>
    </groups>
    <test name="Default test" duration-ms="42532" started-at="2024-03-28T15:28:24 IST" finished-at="2024-03-28T15:29:06 IST">
      <class name="com.parabank.qa.testcases.LoginPageTest">
        <test-method status="PASS" signature="setUP()[pri:0, instance:com.parabank.qa.testcases.LoginPageTest@4cf4d528]" name="setUP" is-config="true" duration-ms="9198" started-at="2024-03-28T15:28:24 IST" finished-at="2024-03-28T15:28:33 IST">
          <reporter-output>
          </reporter-output>
        </test-method> <!-- setUP -->
        <test-method status="PASS" signature="initialization()[pri:0, instance:com.parabank.qa.testcases.LoginPageTest@4cf4d528]" name="initialization" duration-ms="6125" started-at="2024-03-28T15:28:33 IST" finished-at="2024-03-28T15:28:39 IST">
          <reporter-output>
          </reporter-output>
        </test-method> <!-- initialization -->
        <test-method status="PASS" signature="tearDown()[pri:0, instance:com.parabank.qa.testcases.LoginPageTest@4cf4d528]" name="tearDown" is-config="true" duration-ms="1716" started-at="2024-03-28T15:28:39 IST" finished-at="2024-03-28T15:28:41 IST">
          <reporter-output>
          </reporter-output>
        </test-method> <!-- tearDown -->
        <test-method status="PASS" signature="setUP()[pri:0, instance:com.parabank.qa.testcases.LoginPageTest@4cf4d528]" name="setUP" is-config="true" duration-ms="7325" started-at="2024-03-28T15:28:41 IST" finished-at="2024-03-28T15:28:48 IST">
          <reporter-output>
          </reporter-output>
        </test-method> <!-- setUP -->
        <test-method status="PASS" signature="loginPageTitleTest()[pri:1, instance:com.parabank.qa.testcases.LoginPageTest@4cf4d528]" name="loginPageTitleTest" duration-ms="18" started-at="2024-03-28T15:28:48 IST" finished-at="2024-03-28T15:28:48 IST">
          <reporter-output>
          </reporter-output>
        </test-method> <!-- loginPageTitleTest -->
        <test-method status="PASS" signature="tearDown()[pri:0, instance:com.parabank.qa.testcases.LoginPageTest@4cf4d528]" name="tearDown" is-config="true" duration-ms="1202" started-at="2024-03-28T15:28:48 IST" finished-at="2024-03-28T15:28:49 IST">
          <reporter-output>
          </reporter-output>
        </test-method> <!-- tearDown -->
        <test-method status="PASS" signature="setUP()[pri:0, instance:com.parabank.qa.testcases.LoginPageTest@4cf4d528]" name="setUP" is-config="true" duration-ms="6558" started-at="2024-03-28T15:28:49 IST" finished-at="2024-03-28T15:28:56 IST">
          <reporter-output>
          </reporter-output>
        </test-method> <!-- setUP -->
        <test-method status="PASS" signature="bankNameTest()[pri:2, instance:com.parabank.qa.testcases.LoginPageTest@4cf4d528]" name="bankNameTest" duration-ms="93" started-at="2024-03-28T15:28:56 IST" finished-at="2024-03-28T15:28:56 IST">
          <reporter-output>
          </reporter-output>
        </test-method> <!-- bankNameTest -->
        <test-method status="PASS" signature="tearDown()[pri:0, instance:com.parabank.qa.testcases.LoginPageTest@4cf4d528]" name="tearDown" is-config="true" duration-ms="948" started-at="2024-03-28T15:28:56 IST" finished-at="2024-03-28T15:28:57 IST">
          <reporter-output>
          </reporter-output>
        </test-method> <!-- tearDown -->
        <test-method status="PASS" signature="setUP()[pri:0, instance:com.parabank.qa.testcases.LoginPageTest@4cf4d528]" name="setUP" is-config="true" duration-ms="4969" started-at="2024-03-28T15:28:57 IST" finished-at="2024-03-28T15:29:02 IST">
          <reporter-output>
          </reporter-output>
        </test-method> <!-- setUP -->
        <test-method status="PASS" signature="loginTest()[pri:3, instance:com.parabank.qa.testcases.LoginPageTest@4cf4d528]" name="loginTest" duration-ms="3384" started-at="2024-03-28T15:29:02 IST" finished-at="2024-03-28T15:29:05 IST">
          <reporter-output>
          </reporter-output>
        </test-method> <!-- loginTest -->
        <test-method status="PASS" signature="tearDown()[pri:0, instance:com.parabank.qa.testcases.LoginPageTest@4cf4d528]" name="tearDown" is-config="true" duration-ms="944" started-at="2024-03-28T15:29:05 IST" finished-at="2024-03-28T15:29:06 IST">
          <reporter-output>
          </reporter-output>
        </test-method> <!-- tearDown -->
      </class> <!-- com.parabank.qa.testcases.LoginPageTest -->
    </test> <!-- Default test -->
  </suite> <!-- Default suite -->
</testng-results>
